<?xml version="1.0" encoding="UTF-8"?>
<!-- Generated by org.testng.reporters.JUnitReportReporter -->
<testsuite skipped="0" hostname="Sonu-PC" name="flights.TestCase" tests="1" failures="0" timestamp="11 May 2019 13:15:55 GMT" time="12.294" errors="0">
  <testcase name="flight_booking" time="12.294" classname="flights.TestCase"/>
</testsuite> <!-- flights.TestCase -->
